<?xml version="1.0" ?>
<coverage branch-rate="0.07167" branches-covered="21" branches-valid="293" complexity="0" line-rate="0.3428" lines-covered="484" lines-valid="1412" timestamp="1504643325957" version="4.4.1">
	<!-- Generated by coverage.py: https://coverage.readthedocs.io -->
	<!-- Based on https://raw.githubusercontent.com/cobertura/web/master/htdocs/xml/coverage-04.dtd -->
	<sources>
		<source>/Users/julioxavier/Documents/UnB/8º Semestre/MES/qturtle</source>
	</sources>
	<packages>
		<package branch-rate="0.02679" complexity="0" line-rate="0.3574" name="src.qturtle">
			<classes>
				<class branch-rate="1" complexity="0" filename="src/qturtle/__init__.py" line-rate="1" name="__init__.py">
					<methods/>
					<lines>
						<line hits="1" number="1"/>
						<line hits="1" number="2"/>
						<line hits="1" number="3"/>
						<line hits="1" number="4"/>
						<line hits="1" number="5"/>
						<line hits="1" number="6"/>
					</lines>
				</class>
				<class branch-rate="1" complexity="0" filename="src/qturtle/__meta__.py" line-rate="1" name="__meta__.py">
					<methods/>
					<lines>
						<line hits="1" number="2"/>
						<line hits="1" number="3"/>
					</lines>
				</class>
				<class branch-rate="1" complexity="0" filename="src/qturtle/colors.py" line-rate="1" name="colors.py">
					<methods/>
					<lines>
						<line hits="1" number="2"/>
						<line hits="1" number="3"/>
						<line hits="1" number="4"/>
						<line hits="1" number="5"/>
						<line hits="1" number="6"/>
						<line hits="1" number="7"/>
						<line hits="1" number="8"/>
						<line hits="1" number="9"/>
						<line hits="1" number="10"/>
						<line hits="1" number="11"/>
						<line hits="1" number="12"/>
						<line hits="1" number="13"/>
						<line hits="1" number="17"/>
						<line hits="1" number="18"/>
						<line hits="1" number="19"/>
						<line hits="1" number="20"/>
						<line hits="1" number="21"/>
						<line hits="1" number="22"/>
						<line hits="1" number="23"/>
						<line hits="1" number="27"/>
						<line hits="1" number="28"/>
						<line hits="1" number="32"/>
						<line hits="1" number="33"/>
						<line hits="1" number="34"/>
						<line hits="1" number="35"/>
						<line hits="1" number="36"/>
						<line hits="1" number="37"/>
						<line hits="1" number="41"/>
						<line hits="1" number="42"/>
					</lines>
				</class>
				<class branch-rate="0.01613" complexity="0" filename="src/qturtle/mainwindow.py" line-rate="0.1907" name="mainwindow.py">
					<methods/>
					<lines>
						<line hits="1" number="1"/>
						<line hits="1" number="2"/>
						<line hits="1" number="4"/>
						<line hits="1" number="5"/>
						<line hits="1" number="7"/>
						<line hits="1" number="8"/>
						<line hits="1" number="9"/>
						<line hits="1" number="11"/>
						<line hits="1" number="12"/>
						<line hits="1" number="13"/>
						<line hits="1" number="16"/>
						<line hits="1" number="21"/>
						<line hits="1" number="22"/>
						<line hits="0" number="27"/>
						<line hits="0" number="28"/>
						<line hits="0" number="29"/>
						<line hits="0" number="30"/>
						<line hits="0" number="31"/>
						<line hits="0" number="32"/>
						<line hits="0" number="33"/>
						<line branch="true" condition-coverage="0% (0/2)" hits="0" missing-branches="35,36" number="34"/>
						<line hits="0" number="35"/>
						<line hits="0" number="36"/>
						<line hits="1" number="38"/>
						<line hits="0" number="39"/>
						<line hits="0" number="40"/>
						<line hits="0" number="43"/>
						<line branch="true" condition-coverage="0% (0/2)" hits="0" missing-branches="45,46" number="44"/>
						<line hits="0" number="45"/>
						<line hits="0" number="46"/>
						<line hits="0" number="49"/>
						<line hits="0" number="50"/>
						<line hits="0" number="55"/>
						<line hits="0" number="56"/>
						<line hits="0" number="57"/>
						<line hits="0" number="58"/>
						<line hits="0" number="59"/>
						<line hits="0" number="60"/>
						<line hits="0" number="61"/>
						<line hits="0" number="62"/>
						<line hits="0" number="63"/>
						<line hits="0" number="64"/>
						<line hits="0" number="67"/>
						<line hits="0" number="68"/>
						<line hits="0" number="69"/>
						<line hits="0" number="70"/>
						<line hits="1" number="72"/>
						<line hits="0" number="76"/>
						<line hits="1" number="78"/>
						<line hits="0" number="79"/>
						<line hits="1" number="84"/>
						<line hits="0" number="85"/>
						<line branch="true" condition-coverage="0% (0/2)" hits="0" missing-branches="88,92" number="87"/>
						<line hits="0" number="88"/>
						<line hits="0" number="89"/>
						<line hits="0" number="90"/>
						<line hits="0" number="91"/>
						<line hits="0" number="92"/>
						<line hits="1" number="94"/>
						<line branch="true" condition-coverage="0% (0/2)" hits="0" missing-branches="96,98" number="95"/>
						<line hits="0" number="96"/>
						<line hits="0" number="98"/>
						<line hits="0" number="99"/>
						<line hits="1" number="101"/>
						<line hits="0" number="102"/>
						<line branch="true" condition-coverage="0% (0/2)" hits="0" missing-branches="105,108" number="104"/>
						<line hits="0" number="105"/>
						<line hits="0" number="106"/>
						<line hits="0" number="107"/>
						<line hits="0" number="108"/>
						<line hits="1" number="110"/>
						<line hits="0" number="111"/>
						<line branch="true" condition-coverage="0% (0/2)" hits="0" missing-branches="exit,113" number="112"/>
						<line branch="true" condition-coverage="0% (0/2)" hits="0" missing-branches="exit,115" number="113"/>
						<line hits="0" number="115"/>
						<line branch="true" condition-coverage="0% (0/2)" hits="0" missing-branches="exit,122" number="121"/>
						<line branch="true" condition-coverage="0% (0/2)" hits="0" missing-branches="123,129" number="122"/>
						<line hits="0" number="123"/>
						<line hits="0" number="128"/>
						<line hits="0" number="129"/>
						<line hits="0" number="130"/>
						<line hits="0" number="131"/>
						<line hits="0" number="132"/>
						<line hits="0" number="137"/>
						<line hits="1" number="139"/>
						<line hits="0" number="140"/>
						<line hits="0" number="141"/>
						<line hits="0" number="142"/>
						<line hits="1" number="147"/>
						<line hits="0" number="148"/>
						<line hits="1" number="150"/>
						<line hits="0" number="151"/>
						<line hits="1" number="153"/>
						<line hits="0" number="154"/>
						<line hits="1" number="156"/>
						<line hits="0" number="157"/>
						<line hits="1" number="159"/>
						<line branch="true" condition-coverage="0% (0/2)" hits="0" missing-branches="161,163" number="160"/>
						<line hits="0" number="161"/>
						<line hits="0" number="163"/>
						<line hits="1" number="165"/>
						<line branch="true" condition-coverage="0% (0/2)" hits="0" missing-branches="167,168" number="166"/>
						<line hits="0" number="167"/>
						<line branch="true" condition-coverage="0% (0/2)" hits="0" missing-branches="169,171" number="168"/>
						<line hits="0" number="169"/>
						<line hits="0" number="171"/>
						<line hits="1" number="173"/>
						<line hits="0" number="174"/>
						<line hits="1" number="179"/>
						<line hits="0" number="180"/>
						<line hits="1" number="182"/>
						<line hits="0" number="183"/>
						<line hits="1" number="185"/>
						<line hits="0" number="186"/>
						<line hits="1" number="188"/>
						<line branch="true" condition-coverage="0% (0/2)" hits="0" missing-branches="190,191" number="189"/>
						<line hits="0" number="190"/>
						<line branch="true" condition-coverage="0% (0/2)" hits="0" missing-branches="192,193" number="191"/>
						<line hits="0" number="192"/>
						<line branch="true" condition-coverage="0% (0/2)" hits="0" missing-branches="194,195" number="193"/>
						<line hits="0" number="194"/>
						<line branch="true" condition-coverage="0% (0/2)" hits="0" missing-branches="exit,196" number="195"/>
						<line hits="0" number="196"/>
						<line hits="1" number="198"/>
						<line branch="true" condition-coverage="0% (0/2)" hits="0" missing-branches="200,201" number="199"/>
						<line hits="0" number="200"/>
						<line branch="true" condition-coverage="0% (0/2)" hits="0" missing-branches="202,203" number="201"/>
						<line hits="0" number="202"/>
						<line branch="true" condition-coverage="0% (0/2)" hits="0" missing-branches="204,205" number="203"/>
						<line hits="0" number="204"/>
						<line branch="true" condition-coverage="0% (0/2)" hits="0" missing-branches="exit,206" number="205"/>
						<line hits="0" number="206"/>
						<line hits="1" number="211"/>
						<line hits="0" number="212"/>
						<line branch="true" condition-coverage="0% (0/2)" hits="0" missing-branches="exit,218" number="216"/>
						<line hits="0" number="218"/>
						<line hits="0" number="219"/>
						<line hits="1" number="221"/>
						<line hits="0" number="222"/>
						<line hits="0" number="223"/>
						<line hits="0" number="224"/>
						<line hits="0" number="225"/>
						<line hits="0" number="227"/>
						<line hits="1" number="229"/>
						<line hits="0" number="230"/>
						<line hits="0" number="231"/>
						<line hits="0" number="232"/>
						<line branch="true" condition-coverage="0% (0/2)" hits="0" missing-branches="exit,234" number="233"/>
						<line hits="0" number="234"/>
						<line hits="0" number="235"/>
						<line hits="0" number="236"/>
						<line hits="0" number="237"/>
						<line hits="0" number="238"/>
						<line hits="1" number="243"/>
						<line hits="0" number="244"/>
						<line hits="0" number="245"/>
						<line hits="0" number="246"/>
						<line hits="0" number="247"/>
						<line branch="true" condition-coverage="0% (0/2)" hits="0" missing-branches="257,259" number="256"/>
						<line hits="0" number="257"/>
						<line hits="0" number="259"/>
						<line hits="0" number="260"/>
						<line hits="0" number="261"/>
						<line hits="0" number="262"/>
						<line hits="0" number="263"/>
						<line hits="0" number="265"/>
						<line hits="0" number="266"/>
						<line hits="0" number="267"/>
						<line hits="0" number="268"/>
						<line hits="0" number="269"/>
						<line hits="0" number="271"/>
						<line hits="0" number="272"/>
						<line hits="0" number="273"/>
						<line hits="0" number="274"/>
						<line hits="0" number="275"/>
						<line hits="1" number="277"/>
						<line hits="0" number="278"/>
						<line hits="1" number="286"/>
						<line hits="0" number="287"/>
						<line hits="0" number="288"/>
						<line hits="0" number="289"/>
						<line hits="0" number="290"/>
						<line hits="0" number="291"/>
						<line hits="0" number="292"/>
						<line hits="0" number="293"/>
						<line hits="0" number="301"/>
						<line hits="0" number="302"/>
						<line hits="0" number="304"/>
						<line hits="0" number="308"/>
						<line branch="true" condition-coverage="0% (0/2)" hits="0" missing-branches="310,311" number="309"/>
						<line hits="0" number="310"/>
						<line hits="0" number="311"/>
						<line hits="0" number="312"/>
						<line branch="true" condition-coverage="0% (0/2)" hits="0" missing-branches="319,320" number="318"/>
						<line hits="0" number="319"/>
						<line hits="0" number="320"/>
						<line hits="0" number="321"/>
						<line branch="true" condition-coverage="0% (0/2)" hits="0" missing-branches="324,326" number="323"/>
						<line hits="0" number="324"/>
						<line hits="0" number="326"/>
						<line hits="0" number="329"/>
						<line hits="0" number="330"/>
						<line hits="0" number="331"/>
						<line hits="0" number="332"/>
						<line hits="0" number="333"/>
						<line hits="0" number="334"/>
						<line hits="0" number="335"/>
						<line hits="0" number="336"/>
						<line hits="0" number="339"/>
						<line hits="0" number="340"/>
						<line hits="0" number="341"/>
						<line hits="0" number="342"/>
						<line branch="true" condition-coverage="0% (0/2)" hits="0" missing-branches="345,351" number="344"/>
						<line hits="0" number="345"/>
						<line branch="true" condition-coverage="0% (0/2)" hits="0" missing-branches="352,356" number="351"/>
						<line hits="0" number="352"/>
						<line hits="0" number="356"/>
						<line hits="1" number="363"/>
						<line branch="true" condition-coverage="0% (0/2)" hits="0" missing-branches="365,367" number="364"/>
						<line hits="0" number="365"/>
						<line hits="0" number="367"/>
						<line hits="1" number="369"/>
						<line hits="0" number="373"/>
						<line hits="1" number="375"/>
						<line hits="0" number="379"/>
						<line hits="1" number="384"/>
						<line hits="0" number="385"/>
						<line hits="0" number="386"/>
						<line branch="true" condition-coverage="50% (1/2)" hits="1" missing-branches="390" number="389"/>
						<line hits="0" number="390"/>
						<line hits="0" number="391"/>
						<line hits="0" number="394"/>
						<line hits="1" number="397"/>
						<line branch="true" condition-coverage="0% (0/2)" hits="0" missing-branches="403,404" number="402"/>
						<line hits="0" number="403"/>
						<line hits="0" number="404"/>
					</lines>
				</class>
				<class branch-rate="0" complexity="0" filename="src/qturtle/mathutil.py" line-rate="0.5" name="mathutil.py">
					<methods/>
					<lines>
						<line hits="1" number="5"/>
						<line hits="1" number="6"/>
						<line hits="1" number="8"/>
						<line hits="1" number="11"/>
						<line hits="0" number="13"/>
						<line hits="1" number="16"/>
						<line hits="0" number="18"/>
						<line hits="1" number="21"/>
						<line hits="1" number="26"/>
						<line hits="0" number="28"/>
						<line hits="1" number="30"/>
						<line branch="true" condition-coverage="0% (0/2)" hits="0" missing-branches="32,33" number="31"/>
						<line hits="0" number="32"/>
						<line hits="0" number="33"/>
						<line hits="1" number="38"/>
						<line hits="0" number="39"/>
						<line hits="0" number="40"/>
						<line hits="1" number="42"/>
						<line hits="0" number="43"/>
						<line hits="0" number="44"/>
						<line hits="1" number="46"/>
						<line hits="0" number="47"/>
						<line hits="1" number="49"/>
						<line hits="0" number="50"/>
						<line hits="1" number="52"/>
						<line hits="0" number="53"/>
						<line hits="1" number="55"/>
						<line hits="0" number="56"/>
						<line hits="1" number="58"/>
						<line hits="0" number="59"/>
						<line hits="1" number="61"/>
						<line hits="0" number="62"/>
						<line hits="1" number="64"/>
						<line hits="0" number="65"/>
					</lines>
				</class>
				<class branch-rate="0.2" complexity="0" filename="src/qturtle/mixins.py" line-rate="0.4792" name="mixins.py">
					<methods/>
					<lines>
						<line hits="1" number="1"/>
						<line hits="1" number="3"/>
						<line hits="1" number="6"/>
						<line hits="1" number="11"/>
						<line hits="0" number="12"/>
						<line hits="0" number="13"/>
						<line hits="1" number="15"/>
						<line branch="true" condition-coverage="0% (0/2)" hits="0" missing-branches="17,20" number="16"/>
						<line hits="0" number="17"/>
						<line hits="0" number="18"/>
						<line hits="0" number="20"/>
						<line hits="0" number="21"/>
						<line hits="1" number="23"/>
						<line hits="0" number="24"/>
						<line hits="1" number="26"/>
						<line hits="1" number="30"/>
						<line hits="1" number="35"/>
						<line hits="0" number="36"/>
						<line hits="1" number="39"/>
						<line hits="1" number="44"/>
						<line hits="0" number="45"/>
						<line hits="1" number="47"/>
						<line branch="true" condition-coverage="0% (0/2)" hits="0" missing-branches="53,54" number="52"/>
						<line hits="0" number="53"/>
						<line hits="0" number="54"/>
						<line hits="1" number="56"/>
						<line hits="1" number="63"/>
						<line hits="1" number="68"/>
						<line hits="1" number="70"/>
						<line hits="0" number="77"/>
						<line hits="0" number="78"/>
						<line hits="0" number="79"/>
						<line hits="0" number="80"/>
						<line hits="0" number="81"/>
						<line branch="true" condition-coverage="50% (1/2)" hits="1" missing-branches="exit" number="83"/>
						<line branch="true" condition-coverage="50% (1/2)" hits="1" missing-branches="exit" number="84"/>
						<line hits="1" number="86"/>
						<line hits="0" number="87"/>
						<line branch="true" condition-coverage="0% (0/2)" hits="0" missing-branches="89,92" number="88"/>
						<line hits="0" number="89"/>
						<line hits="0" number="90"/>
						<line hits="0" number="92"/>
						<line hits="1" number="94"/>
						<line hits="0" number="95"/>
						<line hits="1" number="97"/>
						<line hits="1" number="103"/>
						<line hits="0" number="104"/>
						<line hits="1" number="106"/>
					</lines>
				</class>
				<class branch-rate="0" complexity="0" filename="src/qturtle/repleditor.py" line-rate="0.2252" name="repleditor.py">
					<methods/>
					<lines>
						<line hits="1" number="1"/>
						<line hits="1" number="3"/>
						<line hits="1" number="6"/>
						<line hits="1" number="7"/>
						<line hits="0" number="9"/>
						<line hits="1" number="11"/>
						<line hits="0" number="17"/>
						<line hits="0" number="18"/>
						<line hits="0" number="19"/>
						<line hits="0" number="20"/>
						<line hits="0" number="21"/>
						<line hits="0" number="22"/>
						<line hits="0" number="23"/>
						<line hits="0" number="24"/>
						<line hits="0" number="27"/>
						<line hits="0" number="28"/>
						<line hits="0" number="29"/>
						<line hits="0" number="30"/>
						<line hits="0" number="31"/>
						<line hits="0" number="32"/>
						<line hits="0" number="33"/>
						<line hits="0" number="34"/>
						<line hits="0" number="35"/>
						<line hits="0" number="36"/>
						<line hits="0" number="37"/>
						<line hits="0" number="38"/>
						<line hits="0" number="39"/>
						<line hits="0" number="40"/>
						<line hits="0" number="43"/>
						<line hits="0" number="44"/>
						<line hits="0" number="45"/>
						<line hits="0" number="48"/>
						<line hits="0" number="49"/>
						<line hits="0" number="50"/>
						<line hits="0" number="51"/>
						<line hits="0" number="52"/>
						<line hits="0" number="53"/>
						<line hits="0" number="56"/>
						<line hits="0" number="57"/>
						<line hits="0" number="58"/>
						<line hits="0" number="59"/>
						<line hits="0" number="60"/>
						<line hits="0" number="61"/>
						<line hits="0" number="62"/>
						<line hits="0" number="63"/>
						<line hits="0" number="64"/>
						<line hits="0" number="65"/>
						<line hits="0" number="68"/>
						<line hits="0" number="71"/>
						<line hits="1" number="73"/>
						<line hits="0" number="74"/>
						<line hits="1" number="76"/>
						<line hits="0" number="77"/>
						<line hits="1" number="79"/>
						<line hits="0" number="80"/>
						<line hits="1" number="82"/>
						<line hits="0" number="83"/>
						<line hits="1" number="85"/>
						<line hits="0" number="86"/>
						<line hits="1" number="88"/>
						<line hits="0" number="89"/>
						<line hits="1" number="91"/>
						<line hits="0" number="92"/>
						<line hits="1" number="94"/>
						<line hits="0" number="95"/>
						<line branch="true" condition-coverage="0% (0/2)" hits="0" missing-branches="exit,97" number="96"/>
						<line hits="0" number="97"/>
						<line branch="true" condition-coverage="0% (0/2)" hits="0" missing-branches="exit,99" number="98"/>
						<line hits="0" number="99"/>
						<line hits="1" number="101"/>
						<line branch="true" condition-coverage="0% (0/2)" hits="0" missing-branches="103,106" number="102"/>
						<line hits="0" number="103"/>
						<line hits="0" number="104"/>
						<line hits="0" number="106"/>
						<line hits="0" number="107"/>
						<line hits="0" number="108"/>
						<line hits="1" number="110"/>
						<line branch="true" condition-coverage="0% (0/2)" hits="0" missing-branches="112,115" number="111"/>
						<line hits="0" number="112"/>
						<line hits="0" number="113"/>
						<line hits="0" number="115"/>
						<line hits="0" number="116"/>
						<line hits="0" number="117"/>
						<line hits="1" number="119"/>
						<line branch="true" condition-coverage="0% (0/2)" hits="0" missing-branches="121,122" number="120"/>
						<line hits="0" number="121"/>
						<line branch="true" condition-coverage="0% (0/2)" hits="0" missing-branches="exit,123" number="122"/>
						<line hits="0" number="123"/>
						<line hits="1" number="125"/>
						<line branch="true" condition-coverage="0% (0/2)" hits="0" missing-branches="127,128" number="126"/>
						<line hits="0" number="127"/>
						<line branch="true" condition-coverage="0% (0/2)" hits="0" missing-branches="exit,129" number="128"/>
						<line hits="0" number="129"/>
						<line hits="1" number="131"/>
						<line hits="0" number="132"/>
						<line hits="1" number="134"/>
						<line hits="0" number="135"/>
						<line hits="1" number="137"/>
						<line hits="0" number="138"/>
						<line hits="0" number="139"/>
						<line hits="1" number="141"/>
						<line hits="0" number="142"/>
						<line hits="0" number="143"/>
						<line hits="1" number="145"/>
						<line hits="0" number="146"/>
						<line hits="0" number="147"/>
						<line hits="1" number="149"/>
						<line hits="0" number="150"/>
						<line hits="0" number="151"/>
						<line hits="1" number="153"/>
						<line hits="1" number="156"/>
					</lines>
				</class>
				<class branch-rate="0" complexity="0" filename="src/qturtle/turtlenamespace.py" line-rate="0.41" name="turtlenamespace.py">
					<methods/>
					<lines>
						<line hits="1" number="8"/>
						<line hits="1" number="9"/>
						<line hits="1" number="10"/>
						<line hits="1" number="11"/>
						<line hits="1" number="12"/>
						<line hits="1" number="14"/>
						<line hits="1" number="23"/>
						<line hits="1" number="32"/>
						<line hits="1" number="33"/>
						<line branch="true" condition-coverage="0% (0/2)" hits="0" missing-branches="35,42" number="34"/>
						<line hits="0" number="35"/>
						<line hits="0" number="36"/>
						<line hits="0" number="37"/>
						<line hits="0" number="38"/>
						<line hits="0" number="40"/>
						<line hits="0" number="42"/>
						<line hits="1" number="43"/>
						<line hits="1" number="46"/>
						<line hits="1" number="51"/>
						<line hits="1" number="52"/>
						<line hits="1" number="53"/>
						<line hits="1" number="54"/>
						<line hits="1" number="57"/>
						<line hits="1" number="66"/>
						<line hits="1" number="75"/>
						<line hits="1" number="78"/>
						<line hits="0" number="79"/>
						<line hits="0" number="80"/>
						<line hits="0" number="81"/>
						<line hits="0" number="82"/>
						<line hits="0" number="83"/>
						<line hits="0" number="84"/>
						<line hits="1" number="86"/>
						<line hits="0" number="87"/>
						<line hits="1" number="89"/>
						<line hits="0" number="90"/>
						<line hits="1" number="92"/>
						<line hits="0" number="93"/>
						<line hits="1" number="95"/>
						<line hits="0" number="96"/>
						<line hits="1" number="98"/>
						<line hits="0" number="99"/>
						<line hits="1" number="101"/>
						<line hits="0" number="102"/>
						<line hits="0" number="103"/>
						<line branch="true" condition-coverage="0% (0/2)" hits="0" missing-branches="106,115" number="105"/>
						<line branch="true" condition-coverage="0% (0/2)" hits="0" missing-branches="107,110" number="106"/>
						<line hits="0" number="107"/>
						<line hits="0" number="110"/>
						<line hits="0" number="111"/>
						<line branch="true" condition-coverage="0% (0/2)" hits="0" missing-branches="105,113" number="112"/>
						<line hits="0" number="113"/>
						<line hits="0" number="115"/>
						<line hits="1" number="117"/>
						<line hits="0" number="119"/>
						<line hits="0" number="120"/>
						<line branch="true" condition-coverage="0% (0/2)" hits="0" missing-branches="124,127" number="122"/>
						<line hits="0" number="124"/>
						<line branch="true" condition-coverage="0% (0/2)" hits="0" missing-branches="122,126" number="125"/>
						<line hits="0" number="126"/>
						<line hits="0" number="127"/>
						<line hits="1" number="129"/>
						<line hits="0" number="132"/>
						<line hits="1" number="134"/>
						<line hits="0" number="137"/>
						<line hits="1" number="139"/>
						<line hits="0" number="142"/>
						<line hits="1" number="144"/>
						<line hits="0" number="147"/>
						<line hits="1" number="149"/>
						<line hits="1" number="155"/>
						<line hits="0" number="159"/>
						<line hits="1" number="164"/>
						<line hits="0" number="167"/>
						<line hits="1" number="169"/>
						<line hits="0" number="176"/>
						<line hits="1" number="178"/>
						<line hits="0" number="181"/>
						<line hits="1" number="183"/>
						<line hits="0" number="186"/>
						<line hits="1" number="188"/>
						<line hits="0" number="191"/>
						<line hits="1" number="193"/>
						<line hits="0" number="196"/>
						<line hits="1" number="198"/>
						<line hits="0" number="201"/>
						<line hits="1" number="203"/>
						<line hits="0" number="209"/>
						<line hits="1" number="211"/>
						<line hits="0" number="214"/>
						<line hits="1" number="216"/>
						<line hits="0" number="221"/>
						<line hits="1" number="223"/>
						<line hits="0" number="227"/>
						<line hits="1" number="229"/>
						<line hits="0" number="233"/>
						<line hits="1" number="235"/>
						<line hits="0" number="238"/>
						<line hits="1" number="243"/>
						<line hits="0" number="249"/>
						<line hits="0" number="250"/>
						<line hits="1" number="252"/>
						<line hits="0" number="256"/>
						<line hits="1" number="258"/>
						<line hits="0" number="264"/>
						<line hits="0" number="265"/>
						<line hits="0" number="266"/>
						<line hits="1" number="268"/>
						<line hits="0" number="274"/>
						<line hits="1" number="276"/>
						<line hits="0" number="282"/>
						<line hits="0" number="283"/>
						<line hits="1" number="285"/>
						<line hits="0" number="292"/>
						<line hits="1" number="294"/>
						<line hits="0" number="300"/>
						<line hits="1" number="302"/>
						<line hits="0" number="307"/>
						<line hits="1" number="309"/>
						<line hits="0" number="312"/>
						<line branch="true" condition-coverage="0% (0/2)" hits="0" missing-branches="314,320" number="313"/>
						<line hits="0" number="314"/>
						<line hits="0" number="315"/>
						<line branch="true" condition-coverage="0% (0/2)" hits="0" missing-branches="313,317" number="316"/>
						<line hits="0" number="317"/>
						<line hits="0" number="318"/>
						<line hits="0" number="319"/>
						<line hits="0" number="320"/>
						<line hits="1" number="329"/>
						<line hits="1" number="332"/>
						<line hits="0" number="339"/>
						<line hits="1" number="341"/>
						<line hits="0" number="349"/>
						<line hits="1" number="351"/>
						<line hits="0" number="354"/>
						<line hits="1" number="356"/>
						<line hits="0" number="359"/>
						<line hits="1" number="361"/>
						<line hits="1" number="362"/>
						<line hits="0" number="368"/>
						<line hits="1" number="370"/>
						<line hits="1" number="371"/>
						<line hits="0" number="377"/>
						<line hits="1" number="379"/>
						<line hits="0" number="386"/>
						<line hits="1" number="388"/>
						<line hits="0" number="395"/>
						<line hits="1" number="397"/>
						<line hits="0" number="401"/>
						<line hits="1" number="403"/>
						<line hits="0" number="407"/>
						<line hits="1" number="409"/>
						<line hits="0" number="414"/>
						<line hits="1" number="416"/>
						<line hits="0" number="420"/>
						<line hits="1" number="422"/>
						<line hits="0" number="429"/>
						<line hits="1" number="431"/>
						<line hits="0" number="438"/>
						<line hits="1" number="440"/>
						<line hits="0" number="447"/>
						<line hits="1" number="449"/>
						<line hits="0" number="452"/>
						<line hits="1" number="454"/>
						<line hits="0" number="457"/>
						<line hits="1" number="459"/>
						<line branch="true" condition-coverage="0% (0/2)" hits="0" missing-branches="467,469" number="466"/>
						<line hits="0" number="467"/>
						<line hits="0" number="468"/>
						<line hits="0" number="469"/>
						<line hits="1" number="471"/>
						<line branch="true" condition-coverage="0% (0/2)" hits="0" missing-branches="479,481" number="478"/>
						<line hits="0" number="479"/>
						<line hits="0" number="480"/>
						<line hits="0" number="481"/>
						<line hits="1" number="483"/>
						<line hits="0" number="486"/>
						<line hits="1" number="488"/>
						<line hits="0" number="492"/>
						<line hits="1" number="494"/>
						<line hits="0" number="501"/>
						<line hits="1" number="503"/>
						<line hits="0" number="506"/>
						<line hits="1" number="509"/>
						<line hits="0" number="512"/>
						<line hits="0" number="513"/>
						<line hits="0" number="514"/>
						<line hits="0" number="515"/>
						<line hits="0" number="517"/>
						<line hits="0" number="518"/>
						<line hits="1" number="521"/>
						<line hits="0" number="524"/>
						<line hits="0" number="525"/>
						<line hits="0" number="526"/>
						<line hits="0" number="527"/>
						<line hits="0" number="528"/>
						<line hits="0" number="529"/>
						<line branch="true" condition-coverage="0% (0/2)" hits="0" missing-branches="531,532" number="530"/>
						<line hits="0" number="531"/>
						<line hits="0" number="532"/>
					</lines>
				</class>
				<class branch-rate="1" complexity="0" filename="src/qturtle/turtleobject.py" line-rate="0.3103" name="turtleobject.py">
					<methods/>
					<lines>
						<line hits="1" number="4"/>
						<line hits="1" number="5"/>
						<line hits="1" number="6"/>
						<line hits="1" number="7"/>
						<line hits="1" number="9"/>
						<line hits="1" number="10"/>
						<line hits="1" number="13"/>
						<line hits="1" number="14"/>
						<line hits="0" number="18"/>
						<line hits="0" number="21"/>
						<line hits="0" number="22"/>
						<line hits="0" number="25"/>
						<line hits="0" number="26"/>
						<line hits="0" number="27"/>
						<line hits="0" number="30"/>
						<line hits="0" number="31"/>
						<line hits="0" number="34"/>
						<line hits="0" number="35"/>
						<line hits="0" number="36"/>
						<line hits="0" number="37"/>
						<line hits="0" number="38"/>
						<line hits="0" number="39"/>
						<line hits="0" number="40"/>
						<line hits="0" number="41"/>
						<line hits="0" number="42"/>
						<line hits="0" number="43"/>
						<line hits="0" number="44"/>
						<line hits="1" number="46"/>
						<line hits="0" number="47"/>
					</lines>
				</class>
				<class branch-rate="1" complexity="0" filename="src/qturtle/turtlescene.py" line-rate="0.6923" name="turtlescene.py">
					<methods/>
					<lines>
						<line hits="1" number="1"/>
						<line hits="1" number="2"/>
						<line hits="1" number="3"/>
						<line hits="1" number="5"/>
						<line hits="1" number="8"/>
						<line hits="1" number="13"/>
						<line hits="1" number="15"/>
						<line hits="0" number="16"/>
						<line hits="1" number="18"/>
						<line hits="0" number="22"/>
						<line hits="1" number="24"/>
						<line hits="0" number="25"/>
						<line hits="0" number="26"/>
					</lines>
				</class>
				<class branch-rate="1" complexity="0" filename="src/qturtle/turtlewidget.py" line-rate="0.4717" name="turtlewidget.py">
					<methods/>
					<lines>
						<line hits="1" number="1"/>
						<line hits="1" number="2"/>
						<line hits="1" number="4"/>
						<line hits="1" number="5"/>
						<line hits="1" number="8"/>
						<line hits="1" number="15"/>
						<line hits="1" number="16"/>
						<line hits="1" number="17"/>
						<line hits="1" number="18"/>
						<line hits="1" number="19"/>
						<line hits="1" number="20"/>
						<line hits="1" number="21"/>
						<line hits="1" number="22"/>
						<line hits="1" number="23"/>
						<line hits="1" number="25"/>
						<line hits="0" number="29"/>
						<line hits="0" number="30"/>
						<line hits="0" number="33"/>
						<line hits="0" number="34"/>
						<line hits="0" number="37"/>
						<line hits="0" number="38"/>
						<line hits="0" number="40"/>
						<line hits="0" number="41"/>
						<line hits="0" number="42"/>
						<line hits="0" number="45"/>
						<line hits="0" number="46"/>
						<line hits="0" number="47"/>
						<line hits="0" number="48"/>
						<line hits="0" number="49"/>
						<line hits="0" number="50"/>
						<line hits="0" number="51"/>
						<line hits="0" number="54"/>
						<line hits="0" number="55"/>
						<line hits="1" number="57"/>
						<line hits="0" number="58"/>
						<line hits="1" number="60"/>
						<line hits="0" number="61"/>
						<line hits="1" number="63"/>
						<line hits="0" number="64"/>
						<line hits="1" number="66"/>
						<line hits="0" number="67"/>
						<line hits="1" number="69"/>
						<line hits="0" number="70"/>
						<line hits="1" number="72"/>
						<line hits="0" number="73"/>
						<line hits="1" number="75"/>
						<line hits="0" number="76"/>
						<line hits="1" number="78"/>
						<line hits="0" number="79"/>
						<line hits="1" number="81"/>
						<line hits="0" number="82"/>
						<line hits="1" number="84"/>
						<line hits="0" number="85"/>
					</lines>
				</class>
			</classes>
		</package>
		<package branch-rate="0.03871" complexity="0" line-rate="0.2827" name="src.qturtle.qsci">
			<classes>
				<class branch-rate="1" complexity="0" filename="src/qturtle/qsci/__init__.py" line-rate="1" name="__init__.py">
					<methods/>
					<lines/>
				</class>
				<class branch-rate="0" complexity="0" filename="src/qturtle/qsci/consolehistory.py" line-rate="0.3043" name="consolehistory.py">
					<methods/>
					<lines>
						<line hits="1" number="1"/>
						<line hits="1" number="2"/>
						<line hits="0" number="3"/>
						<line hits="0" number="4"/>
						<line hits="1" number="6"/>
						<line hits="0" number="7"/>
						<line hits="1" number="12"/>
						<line hits="0" number="13"/>
						<line hits="1" number="15"/>
						<line branch="true" condition-coverage="0% (0/2)" hits="0" missing-branches="17,18" number="16"/>
						<line hits="0" number="17"/>
						<line hits="0" number="18"/>
						<line hits="0" number="19"/>
						<line hits="1" number="24"/>
						<line hits="1" number="25"/>
						<line hits="0" number="26"/>
						<line hits="0" number="27"/>
						<line hits="0" number="28"/>
						<line hits="1" number="30"/>
						<line branch="true" condition-coverage="0% (0/2)" hits="0" missing-branches="33,34" number="32"/>
						<line hits="0" number="33"/>
						<line branch="true" condition-coverage="0% (0/2)" hits="0" missing-branches="35,38" number="34"/>
						<line hits="0" number="35"/>
						<line hits="0" number="38"/>
						<line hits="0" number="39"/>
						<line hits="0" number="40"/>
						<line hits="0" number="41"/>
						<line hits="0" number="42"/>
						<line hits="0" number="43"/>
						<line branch="true" condition-coverage="0% (0/2)" hits="0" missing-branches="46,47" number="45"/>
						<line hits="0" number="46"/>
						<line hits="0" number="47"/>
						<line hits="1" number="49"/>
						<line hits="0" number="50"/>
						<line hits="1" number="52"/>
						<line hits="0" number="53"/>
						<line hits="1" number="55"/>
						<line branch="true" condition-coverage="0% (0/2)" hits="0" missing-branches="exit,57" number="56"/>
						<line hits="0" number="57"/>
						<line hits="1" number="59"/>
						<line hits="0" number="60"/>
						<line hits="0" number="61"/>
						<line hits="1" number="63"/>
						<line hits="0" number="64"/>
						<line hits="1" number="66"/>
						<line hits="0" number="67"/>
					</lines>
				</class>
				<class branch-rate="0" complexity="0" filename="src/qturtle/qsci/qsciconsole.py" line-rate="0.2578" name="qsciconsole.py">
					<methods/>
					<lines>
						<line hits="1" number="4"/>
						<line hits="1" number="5"/>
						<line hits="1" number="6"/>
						<line hits="1" number="8"/>
						<line hits="1" number="9"/>
						<line hits="1" number="11"/>
						<line hits="1" number="12"/>
						<line hits="1" number="13"/>
						<line hits="1" number="14"/>
						<line hits="1" number="15"/>
						<line hits="1" number="17"/>
						<line hits="1" number="18"/>
						<line hits="1" number="19"/>
						<line hits="1" number="20"/>
						<line hits="1" number="21"/>
						<line hits="1" number="22"/>
						<line hits="1" number="23"/>
						<line hits="1" number="24"/>
						<line hits="1" number="25"/>
						<line hits="1" number="26"/>
						<line hits="1" number="27"/>
						<line hits="1" number="28"/>
						<line hits="1" number="29"/>
						<line hits="1" number="30"/>
						<line hits="1" number="31"/>
						<line hits="1" number="32"/>
						<line hits="1" number="33"/>
						<line hits="1" number="34"/>
						<line hits="1" number="35"/>
						<line hits="1" number="36"/>
						<line hits="1" number="37"/>
						<line hits="1" number="38"/>
						<line hits="1" number="39"/>
						<line hits="1" number="40"/>
						<line hits="1" number="41"/>
						<line hits="1" number="42"/>
						<line hits="1" number="43"/>
						<line hits="1" number="44"/>
						<line hits="1" number="47"/>
						<line hits="1" number="48"/>
						<line hits="1" number="49"/>
						<line hits="1" number="52"/>
						<line hits="1" number="57"/>
						<line hits="1" number="59"/>
						<line hits="0" number="60"/>
						<line branch="true" condition-coverage="0% (0/2)" hits="0" missing-branches="63,65" number="62"/>
						<line hits="0" number="63"/>
						<line hits="0" number="64"/>
						<line hits="0" number="65"/>
						<line hits="0" number="68"/>
						<line hits="0" number="69"/>
						<line hits="0" number="70"/>
						<line hits="0" number="71"/>
						<line hits="0" number="72"/>
						<line hits="0" number="73"/>
						<line branch="true" condition-coverage="0% (0/2)" hits="0" missing-branches="77,79" number="76"/>
						<line hits="0" number="77"/>
						<line hits="0" number="79"/>
						<line hits="0" number="80"/>
						<line hits="0" number="81"/>
						<line hits="0" number="82"/>
						<line hits="0" number="85"/>
						<line hits="0" number="86"/>
						<line hits="0" number="89"/>
						<line hits="0" number="90"/>
						<line hits="1" number="92"/>
						<line hits="0" number="97"/>
						<line hits="0" number="100"/>
						<line hits="1" number="102"/>
						<line hits="0" number="103"/>
						<line hits="0" number="106"/>
						<line hits="1" number="108"/>
						<line hits="0" number="109"/>
						<line hits="0" number="110"/>
						<line hits="1" number="112"/>
						<line branch="true" condition-coverage="0% (0/2)" hits="0" missing-branches="114,117" number="113"/>
						<line hits="0" number="114"/>
						<line hits="0" number="117"/>
						<line hits="0" number="119"/>
						<line hits="1" number="121"/>
						<line hits="0" number="122"/>
						<line hits="0" number="123"/>
						<line hits="1" number="125"/>
						<line hits="0" number="126"/>
						<line hits="1" number="128"/>
						<line branch="true" condition-coverage="0% (0/2)" hits="0" missing-branches="exit,130" number="129"/>
						<line hits="0" number="130"/>
						<line branch="true" condition-coverage="0% (0/2)" hits="0" missing-branches="132,134" number="131"/>
						<line hits="0" number="132"/>
						<line hits="0" number="133"/>
						<line branch="true" condition-coverage="0% (0/2)" hits="0" missing-branches="exit,135" number="134"/>
						<line hits="0" number="135"/>
						<line hits="1" number="137"/>
						<line hits="0" number="138"/>
						<line hits="0" number="139"/>
						<line branch="true" condition-coverage="0% (0/2)" hits="0" missing-branches="141,143" number="140"/>
						<line hits="0" number="141"/>
						<line hits="0" number="142"/>
						<line hits="0" number="143"/>
						<line hits="1" number="145"/>
						<line hits="0" number="146"/>
						<line hits="0" number="147"/>
						<line hits="0" number="148"/>
						<line hits="0" number="149"/>
						<line hits="0" number="150"/>
						<line hits="1" number="152"/>
						<line hits="0" number="153"/>
						<line hits="1" number="155"/>
						<line hits="0" number="156"/>
						<line hits="0" number="157"/>
						<line hits="0" number="158"/>
						<line hits="1" number="160"/>
						<line hits="0" number="161"/>
						<line hits="0" number="162"/>
						<line hits="1" number="164"/>
						<line hits="0" number="167"/>
						<line branch="true" condition-coverage="0% (0/2)" hits="0" missing-branches="169,170" number="168"/>
						<line hits="0" number="169"/>
						<line branch="true" condition-coverage="0% (0/2)" hits="0" missing-branches="171,173" number="170"/>
						<line hits="0" number="171"/>
						<line branch="true" condition-coverage="0% (0/2)" hits="0" missing-branches="174,176" number="173"/>
						<line hits="0" number="174"/>
						<line hits="0" number="176"/>
						<line hits="1" number="178"/>
						<line hits="0" number="179"/>
						<line hits="0" number="180"/>
						<line hits="0" number="181"/>
						<line hits="0" number="182"/>
						<line hits="1" number="184"/>
						<line hits="0" number="187"/>
						<line hits="0" number="188"/>
						<line branch="true" condition-coverage="0% (0/2)" hits="0" missing-branches="190,192" number="189"/>
						<line hits="0" number="190"/>
						<line hits="0" number="192"/>
						<line branch="true" condition-coverage="0% (0/2)" hits="0" missing-branches="194,197" number="193"/>
						<line hits="0" number="194"/>
						<line hits="0" number="195"/>
						<line hits="0" number="197"/>
						<line hits="0" number="200"/>
						<line hits="0" number="202"/>
						<line hits="1" number="204"/>
						<line branch="true" condition-coverage="0% (0/2)" hits="0" missing-branches="208,210" number="207"/>
						<line hits="0" number="208"/>
						<line hits="0" number="210"/>
						<line branch="true" condition-coverage="0% (0/2)" hits="0" missing-branches="212,213" number="211"/>
						<line hits="0" number="212"/>
						<line hits="0" number="213"/>
						<line branch="true" condition-coverage="0% (0/2)" hits="0" missing-branches="exit,215" number="214"/>
						<line hits="0" number="215"/>
						<line hits="0" number="217"/>
						<line hits="1" number="219"/>
						<line branch="true" condition-coverage="0% (0/2)" hits="0" missing-branches="224,225" number="223"/>
						<line hits="0" number="224"/>
						<line branch="true" condition-coverage="0% (0/2)" hits="0" missing-branches="exit,226" number="225"/>
						<line hits="0" number="226"/>
						<line hits="1" number="228"/>
						<line hits="0" number="231"/>
						<line branch="true" condition-coverage="0% (0/2)" hits="0" missing-branches="exit,233" number="232"/>
						<line hits="0" number="233"/>
						<line hits="0" number="234"/>
						<line hits="0" number="235"/>
						<line hits="0" number="236"/>
						<line hits="0" number="237"/>
						<line hits="1" number="239"/>
						<line hits="0" number="242"/>
						<line hits="0" number="243"/>
						<line hits="0" number="244"/>
						<line hits="0" number="245"/>
						<line hits="0" number="246"/>
						<line hits="0" number="247"/>
						<line hits="1" number="249"/>
						<line hits="0" number="252"/>
						<line branch="true" condition-coverage="0% (0/2)" hits="0" missing-branches="exit,254" number="253"/>
						<line hits="0" number="254"/>
						<line hits="0" number="255"/>
						<line hits="0" number="256"/>
						<line hits="0" number="257"/>
						<line hits="0" number="258"/>
						<line hits="1" number="260"/>
						<line hits="0" number="261"/>
						<line hits="0" number="262"/>
						<line hits="0" number="263"/>
						<line hits="0" number="267"/>
						<line branch="true" condition-coverage="0% (0/2)" hits="0" missing-branches="269,291" number="268"/>
						<line branch="true" condition-coverage="0% (0/2)" hits="0" missing-branches="270,271" number="269"/>
						<line hits="0" number="270"/>
						<line branch="true" condition-coverage="0% (0/2)" hits="0" missing-branches="274,277" number="271"/>
						<line hits="0" number="274"/>
						<line branch="true" condition-coverage="0% (0/2)" hits="0" missing-branches="278,287" number="277"/>
						<line hits="0" number="278"/>
						<line branch="true" condition-coverage="0% (0/2)" hits="0" missing-branches="280,285" number="279"/>
						<line hits="0" number="280"/>
						<line hits="0" number="281"/>
						<line hits="0" number="283"/>
						<line hits="0" number="285"/>
						<line hits="0" number="287"/>
						<line branch="true" condition-coverage="0% (0/2)" hits="0" missing-branches="292,319" number="291"/>
						<line branch="true" condition-coverage="0% (0/2)" hits="0" missing-branches="293,295" number="292"/>
						<line hits="0" number="293"/>
						<line hits="0" number="295"/>
						<line hits="0" number="296"/>
						<line hits="0" number="297"/>
						<line hits="0" number="298"/>
						<line hits="0" number="301"/>
						<line branch="true" condition-coverage="0% (0/2)" hits="0" missing-branches="305,310" number="304"/>
						<line hits="0" number="305"/>
						<line hits="0" number="310"/>
						<line hits="0" number="311"/>
						<line hits="0" number="312"/>
						<line hits="0" number="313"/>
						<line branch="true" condition-coverage="0% (0/2)" hits="0" missing-branches="320,353" number="319"/>
						<line hits="0" number="320"/>
						<line branch="true" condition-coverage="0% (0/2)" hits="0" missing-branches="323,330" number="322"/>
						<line hits="0" number="323"/>
						<line branch="true" condition-coverage="0% (0/2)" hits="0" missing-branches="325,328" number="324"/>
						<line hits="0" number="325"/>
						<line hits="0" number="326"/>
						<line hits="0" number="328"/>
						<line branch="true" condition-coverage="0% (0/2)" hits="0" missing-branches="331,333" number="330"/>
						<line hits="0" number="331"/>
						<line branch="true" condition-coverage="0% (0/2)" hits="0" missing-branches="334,341" number="333"/>
						<line hits="0" number="334"/>
						<line hits="0" number="335"/>
						<line hits="0" number="336"/>
						<line hits="0" number="337"/>
						<line hits="0" number="338"/>
						<line hits="0" number="339"/>
						<line branch="true" condition-coverage="0% (0/2)" hits="0" missing-branches="342,350" number="341"/>
						<line hits="0" number="342"/>
						<line branch="true" condition-coverage="0% (0/3)" hits="0" missing-branches="exit,344,347" number="343"/>
						<line branch="true" condition-coverage="0% (0/2)" hits="0" missing-branches="exit,345" number="344"/>
						<line hits="0" number="345"/>
						<line hits="0" number="347"/>
						<line hits="0" number="350"/>
						<line branch="true" condition-coverage="0% (0/2)" hits="0" missing-branches="354,366" number="353"/>
						<line branch="true" condition-coverage="0% (0/2)" hits="0" missing-branches="355,359" number="354"/>
						<line hits="0" number="355"/>
						<line hits="0" number="356"/>
						<line hits="0" number="357"/>
						<line branch="true" condition-coverage="0% (0/2)" hits="0" missing-branches="360,362" number="359"/>
						<line hits="0" number="360"/>
						<line hits="0" number="362"/>
						<line hits="0" number="363"/>
						<line branch="true" condition-coverage="0% (0/2)" hits="0" missing-branches="367,370" number="366"/>
						<line hits="0" number="367"/>
						<line branch="true" condition-coverage="0% (0/2)" hits="0" missing-branches="371,381" number="370"/>
						<line hits="0" number="371"/>
						<line hits="0" number="372"/>
						<line branch="true" condition-coverage="0% (0/2)" hits="0" missing-branches="374,376" number="373"/>
						<line hits="0" number="374"/>
						<line hits="0" number="375"/>
						<line hits="0" number="376"/>
						<line hits="0" number="377"/>
						<line hits="0" number="381"/>
						<line hits="1" number="384"/>
						<line hits="0" number="385"/>
					</lines>
				</class>
				<class branch-rate="0.1154" complexity="0" filename="src/qturtle/qsci/qscieditor.py" line-rate="0.2857" name="qscieditor.py">
					<methods/>
					<lines>
						<line hits="1" number="5"/>
						<line hits="1" number="6"/>
						<line hits="1" number="7"/>
						<line hits="1" number="9"/>
						<line hits="1" number="10"/>
						<line hits="1" number="12"/>
						<line hits="1" number="18"/>
						<line hits="1" number="19"/>
						<line hits="1" number="21"/>
						<line hits="1" number="22"/>
						<line hits="1" number="23"/>
						<line hits="1" number="24"/>
						<line hits="1" number="25"/>
						<line hits="1" number="26"/>
						<line hits="1" number="27"/>
						<line hits="1" number="28"/>
						<line hits="1" number="29"/>
						<line hits="1" number="30"/>
						<line hits="1" number="31"/>
						<line hits="1" number="32"/>
						<line hits="1" number="33"/>
						<line hits="1" number="34"/>
						<line branch="true" condition-coverage="100% (2/2)" hits="1" number="37"/>
						<line hits="1" number="47"/>
						<line hits="1" number="52"/>
						<line hits="1" number="53"/>
						<line hits="1" number="71"/>
						<line branch="true" condition-coverage="100% (2/2)" hits="1" number="72"/>
						<line branch="true" condition-coverage="100% (2/2)" hits="1" number="73"/>
						<line hits="1" number="74"/>
						<line hits="1" number="76"/>
						<line hits="1" number="93"/>
						<line hits="1" number="110"/>
						<line hits="1" number="127"/>
						<line hits="1" number="128"/>
						<line hits="1" number="134"/>
						<line hits="1" number="136"/>
						<line hits="1" number="144"/>
						<line branch="true" condition-coverage="0% (0/2)" hits="0" missing-branches="153,154" number="152"/>
						<line hits="0" number="153"/>
						<line hits="0" number="154"/>
						<line hits="0" number="155"/>
						<line hits="0" number="158"/>
						<line hits="0" number="159"/>
						<line hits="0" number="160"/>
						<line hits="0" number="163"/>
						<line hits="0" number="164"/>
						<line hits="0" number="165"/>
						<line branch="true" condition-coverage="0% (0/2)" hits="0" missing-branches="167,168" number="166"/>
						<line hits="0" number="167"/>
						<line branch="true" condition-coverage="0% (0/2)" hits="0" missing-branches="169,173" number="168"/>
						<line hits="0" number="169"/>
						<line branch="true" condition-coverage="0% (0/2)" hits="0" missing-branches="171,172" number="170"/>
						<line hits="0" number="171"/>
						<line hits="0" number="172"/>
						<line hits="0" number="173"/>
						<line hits="0" number="174"/>
						<line hits="0" number="177"/>
						<line hits="0" number="178"/>
						<line hits="0" number="179"/>
						<line hits="0" number="182"/>
						<line hits="0" number="183"/>
						<line hits="0" number="184"/>
						<line hits="0" number="185"/>
						<line hits="0" number="186"/>
						<line hits="0" number="187"/>
						<line hits="0" number="190"/>
						<line hits="0" number="191"/>
						<line hits="0" number="192"/>
						<line branch="true" condition-coverage="0% (0/2)" hits="0" missing-branches="exit,196" number="195"/>
						<line hits="0" number="196"/>
						<line hits="1" number="198"/>
						<line hits="0" number="199"/>
						<line hits="1" number="201"/>
						<line hits="0" number="208"/>
						<line hits="0" number="209"/>
						<line hits="0" number="210"/>
						<line hits="0" number="213"/>
						<line hits="0" number="214"/>
						<line hits="0" number="215"/>
						<line hits="0" number="216"/>
						<line hits="0" number="217"/>
						<line hits="0" number="220"/>
						<line hits="0" number="221"/>
						<line hits="0" number="222"/>
						<line hits="0" number="223"/>
						<line hits="0" number="224"/>
						<line hits="0" number="227"/>
						<line hits="0" number="228"/>
						<line branch="true" condition-coverage="0% (0/2)" hits="0" missing-branches="exit,230" number="229"/>
						<line hits="0" number="230"/>
						<line hits="0" number="231"/>
						<line branch="true" condition-coverage="0% (0/2)" hits="0" missing-branches="233,237" number="232"/>
						<line branch="true" condition-coverage="0% (0/2)" hits="0" missing-branches="234,236" number="233"/>
						<line hits="0" number="234"/>
						<line hits="0" number="236"/>
						<line hits="0" number="237"/>
						<line hits="1" number="239"/>
						<line hits="0" number="245"/>
						<line branch="true" condition-coverage="0% (0/2)" hits="0" missing-branches="249,255" number="248"/>
						<line branch="true" condition-coverage="0% (0/2)" hits="0" missing-branches="248,250" number="249"/>
						<line hits="0" number="250"/>
						<line branch="true" condition-coverage="0% (0/2)" hits="0" missing-branches="248,252" number="251"/>
						<line hits="0" number="252"/>
						<line hits="0" number="255"/>
						<line hits="0" number="256"/>
						<line hits="0" number="259"/>
						<line hits="0" number="260"/>
						<line hits="0" number="261"/>
						<line hits="0" number="262"/>
						<line hits="0" number="265"/>
						<line branch="true" condition-coverage="0% (0/2)" hits="0" missing-branches="267,280" number="266"/>
						<line hits="0" number="267"/>
						<line branch="true" condition-coverage="0% (0/2)" hits="0" missing-branches="exit,269" number="268"/>
						<line branch="true" condition-coverage="0% (0/2)" hits="0" missing-branches="270,275" number="269"/>
						<line hits="0" number="270"/>
						<line branch="true" condition-coverage="0% (0/2)" hits="0" missing-branches="272,273" number="271"/>
						<line hits="0" number="272"/>
						<line hits="0" number="273"/>
						<line hits="0" number="275"/>
						<line hits="0" number="276"/>
						<line hits="0" number="277"/>
						<line branch="true" condition-coverage="0% (0/2)" hits="0" missing-branches="281,284" number="280"/>
						<line hits="0" number="281"/>
						<line hits="0" number="284"/>
						<line branch="true" condition-coverage="0% (0/2)" hits="0" missing-branches="exit,286" number="285"/>
						<line hits="0" number="286"/>
						<line hits="0" number="287"/>
						<line hits="0" number="288"/>
						<line hits="1" number="290"/>
						<line hits="0" number="291"/>
						<line hits="0" number="292"/>
						<line branch="true" condition-coverage="0% (0/2)" hits="0" missing-branches="296,299" number="295"/>
						<line hits="0" number="296"/>
						<line branch="true" condition-coverage="0% (0/2)" hits="0" missing-branches="300,301" number="299"/>
						<line hits="0" number="300"/>
						<line branch="true" condition-coverage="0% (0/2)" hits="0" missing-branches="302,303" number="301"/>
						<line hits="0" number="302"/>
						<line branch="true" condition-coverage="0% (0/2)" hits="0" missing-branches="304,307" number="303"/>
						<line hits="0" number="304"/>
						<line branch="true" condition-coverage="0% (0/2)" hits="0" missing-branches="308,318" number="307"/>
						<line branch="true" condition-coverage="0% (0/2)" hits="0" missing-branches="309,311" number="308"/>
						<line hits="0" number="309"/>
						<line hits="0" number="311"/>
						<line hits="0" number="312"/>
						<line hits="0" number="313"/>
						<line hits="0" number="314"/>
						<line hits="0" number="318"/>
						<line hits="1" number="320"/>
						<line hits="0" number="321"/>
						<line hits="0" number="322"/>
						<line hits="0" number="323"/>
						<line hits="1" number="325"/>
						<line hits="0" number="326"/>
					</lines>
				</class>
				<class branch-rate="1" complexity="0" filename="src/qturtle/qsci/qscirepleditor.py" line-rate="0.6364" name="qscirepleditor.py">
					<methods/>
					<lines>
						<line hits="1" number="1"/>
						<line hits="1" number="2"/>
						<line hits="1" number="3"/>
						<line hits="1" number="6"/>
						<line hits="1" number="7"/>
						<line hits="0" number="8"/>
						<line hits="1" number="10"/>
						<line hits="0" number="11"/>
						<line hits="0" number="13"/>
						<line hits="1" number="15"/>
						<line hits="0" number="16"/>
					</lines>
				</class>
				<class branch-rate="0" complexity="0" filename="src/qturtle/qsci/runner.py" line-rate="0.297" name="runner.py">
					<methods/>
					<lines>
						<line hits="1" number="1"/>
						<line hits="1" number="2"/>
						<line hits="1" number="3"/>
						<line hits="1" number="4"/>
						<line hits="1" number="5"/>
						<line hits="1" number="6"/>
						<line hits="1" number="8"/>
						<line hits="1" number="11"/>
						<line hits="1" number="13"/>
						<line hits="1" number="14"/>
						<line hits="1" number="15"/>
						<line hits="1" number="16"/>
						<line hits="1" number="17"/>
						<line hits="1" number="18"/>
						<line hits="1" number="20"/>
						<line hits="0" number="21"/>
						<line hits="0" number="22"/>
						<line hits="0" number="23"/>
						<line hits="0" number="24"/>
						<line hits="0" number="25"/>
						<line hits="0" number="26"/>
						<line hits="0" number="27"/>
						<line hits="0" number="28"/>
						<line hits="0" number="29"/>
						<line hits="0" number="30"/>
						<line hits="0" number="31"/>
						<line hits="1" number="33"/>
						<line hits="0" number="34"/>
						<line hits="0" number="35"/>
						<line hits="0" number="36"/>
						<line hits="0" number="37"/>
						<line hits="0" number="38"/>
						<line branch="true" condition-coverage="0% (0/2)" hits="0" missing-branches="40,41" number="39"/>
						<line hits="0" number="40"/>
						<line hits="0" number="41"/>
						<line hits="0" number="43"/>
						<line hits="0" number="46"/>
						<line hits="0" number="47"/>
						<line hits="0" number="48"/>
						<line branch="true" condition-coverage="0% (0/2)" hits="0" missing-branches="exit,50" number="49"/>
						<line hits="0" number="50"/>
						<line hits="0" number="52"/>
						<line hits="0" number="55"/>
						<line hits="0" number="56"/>
						<line branch="true" condition-coverage="0% (0/2)" hits="0" missing-branches="exit,58" number="57"/>
						<line hits="0" number="58"/>
						<line hits="0" number="60"/>
						<line hits="0" number="61"/>
						<line hits="0" number="62"/>
						<line hits="0" number="63"/>
						<line branch="true" condition-coverage="0% (0/2)" hits="0" missing-branches="65,66" number="64"/>
						<line hits="0" number="65"/>
						<line hits="0" number="66"/>
						<line hits="0" number="68"/>
						<line hits="0" number="69"/>
						<line hits="0" number="70"/>
						<line hits="0" number="71"/>
						<line hits="0" number="72"/>
						<line hits="1" number="74"/>
						<line hits="0" number="75"/>
						<line hits="1" number="77"/>
						<line hits="0" number="78"/>
						<line hits="0" number="79"/>
						<line hits="1" number="81"/>
						<line hits="0" number="82"/>
						<line hits="1" number="84"/>
						<line hits="0" number="85"/>
						<line hits="1" number="87"/>
						<line hits="0" number="91"/>
						<line hits="0" number="92"/>
						<line hits="1" number="94"/>
						<line hits="0" number="98"/>
						<line hits="0" number="99"/>
						<line hits="0" number="100"/>
						<line hits="0" number="101"/>
						<line hits="0" number="102"/>
						<line hits="1" number="104"/>
						<line hits="0" number="109"/>
						<line hits="1" number="111"/>
						<line hits="0" number="116"/>
						<line hits="1" number="118"/>
						<line hits="1" number="124"/>
						<line hits="0" number="127"/>
						<line hits="1" number="129"/>
						<line hits="0" number="130"/>
						<line hits="1" number="132"/>
						<line hits="1" number="138"/>
						<line hits="0" number="139"/>
						<line hits="0" number="140"/>
						<line hits="0" number="141"/>
						<line hits="0" number="142"/>
						<line hits="0" number="143"/>
						<line hits="0" number="144"/>
						<line hits="0" number="145"/>
						<line hits="0" number="146"/>
						<line hits="0" number="148"/>
						<line hits="0" number="149"/>
						<line hits="0" number="150"/>
						<line hits="1" number="152"/>
						<line hits="0" number="153"/>
						<line hits="0" number="154"/>
					</lines>
				</class>
				<class branch-rate="0" complexity="0" filename="src/qturtle/qsci/utils.py" line-rate="0.2" name="utils.py">
					<methods/>
					<lines>
						<line hits="1" number="1"/>
						<line hits="0" number="6"/>
						<line branch="true" condition-coverage="0% (0/2)" hits="0" missing-branches="8,9" number="7"/>
						<line hits="0" number="8"/>
						<line hits="0" number="9"/>
					</lines>
				</class>
			</classes>
		</package>
		<package branch-rate="0.4615" complexity="0" line-rate="0.641" name="src.qturtle.tests">
			<classes>
				<class branch-rate="1" complexity="0" filename="src/qturtle/tests/__init__.py" line-rate="1" name="__init__.py">
					<methods/>
					<lines>
						<line hits="1" number="1"/>
					</lines>
				</class>
				<class branch-rate="0.5" complexity="0" filename="src/qturtle/tests/qmonkey.py" line-rate="1" name="qmonkey.py">
					<methods/>
					<lines>
						<line hits="1" number="1"/>
						<line branch="true" condition-coverage="50% (1/2)" hits="1" missing-branches="exit" number="7"/>
						<line branch="true" condition-coverage="50% (1/2)" hits="1" missing-branches="exit" number="8"/>
						<line branch="true" condition-coverage="50% (1/2)" hits="1" missing-branches="exit" number="9"/>
						<line hits="1" number="10"/>
						<line branch="true" condition-coverage="50% (1/2)" hits="1" missing-branches="exit" number="11"/>
					</lines>
				</class>
				<class branch-rate="1" complexity="0" filename="src/qturtle/tests/test_documentation.py" line-rate="0.9333" name="test_documentation.py">
					<methods/>
					<lines>
						<line hits="1" number="1"/>
						<line hits="1" number="3"/>
						<line hits="1" number="4"/>
						<line hits="1" number="5"/>
						<line hits="1" number="6"/>
						<line hits="1" number="7"/>
						<line hits="1" number="10"/>
						<line hits="1" number="18"/>
						<line branch="true" condition-coverage="100% (2/2)" hits="1" number="19"/>
						<line hits="1" number="20"/>
						<line hits="1" number="21"/>
						<line hits="1" number="24"/>
						<line hits="1" number="25"/>
						<line hits="1" number="26"/>
						<line hits="1" number="27"/>
						<line branch="true" condition-coverage="100% (2/2)" hits="1" number="28"/>
						<line branch="true" condition-coverage="100% (2/2)" hits="1" number="29"/>
						<line hits="1" number="30"/>
						<line hits="1" number="33"/>
						<line hits="1" number="34"/>
						<line hits="1" number="35"/>
						<line hits="1" number="38"/>
						<line branch="true" condition-coverage="100% (2/2)" hits="1" number="39"/>
						<line hits="1" number="40"/>
						<line hits="1" number="41"/>
						<line hits="1" number="42"/>
						<line hits="1" number="44"/>
						<line hits="1" number="45"/>
						<line hits="0" number="46"/>
						<line hits="0" number="47"/>
					</lines>
				</class>
				<class branch-rate="0" complexity="0" filename="src/qturtle/tests/test_mainwindow.py" line-rate="0.3333" name="test_mainwindow.py">
					<methods/>
					<lines>
						<line hits="1" number="1"/>
						<line hits="1" number="2"/>
						<line hits="1" number="3"/>
						<line hits="1" number="4"/>
						<line hits="1" number="5"/>
						<line hits="1" number="8"/>
						<line hits="1" number="14"/>
						<line hits="0" number="16"/>
						<line hits="0" number="17"/>
						<line branch="true" condition-coverage="0% (0/2)" hits="0" missing-branches="exit,20" number="18"/>
						<line hits="0" number="20"/>
						<line hits="1" number="23"/>
						<line hits="0" number="25"/>
						<line hits="0" number="26"/>
						<line branch="true" condition-coverage="0% (0/2)" hits="0" missing-branches="28,29" number="27"/>
						<line hits="0" number="28"/>
						<line hits="0" number="29"/>
						<line hits="1" number="32"/>
						<line branch="true" condition-coverage="0% (0/2)" hits="0" missing-branches="exit,34" number="33"/>
						<line hits="0" number="34"/>
						<line hits="1" number="37"/>
						<line branch="true" condition-coverage="0% (0/2)" hits="0" missing-branches="exit,39" number="38"/>
						<line hits="0" number="39"/>
						<line hits="1" number="42"/>
						<line hits="0" number="43"/>
						<line branch="true" condition-coverage="0% (0/2)" hits="0" missing-branches="exit,45" number="44"/>
						<line hits="0" number="45"/>
						<line hits="0" number="46"/>
						<line hits="0" number="47"/>
						<line hits="0" number="48"/>
						<line hits="1" number="51"/>
						<line hits="0" number="52"/>
						<line hits="0" number="54"/>
						<line hits="0" number="55"/>
						<line hits="0" number="57"/>
						<line hits="0" number="58"/>
					</lines>
				</class>
				<class branch-rate="1" complexity="0" filename="src/qturtle/tests/test_qturtle.py" line-rate="0.6" name="test_qturtle.py">
					<methods/>
					<lines>
						<line hits="1" number="1"/>
						<line hits="1" number="2"/>
						<line hits="1" number="5"/>
						<line hits="0" number="6"/>
						<line hits="0" number="7"/>
					</lines>
				</class>
			</classes>
		</package>
	</packages>
</coverage>
